<?xml version="1.0" encoding="UTF-8"?>
<!-- Generated by org.testng.reporters.JUnitReportReporter -->
<testsuite hostname="DESKTOP-VSJMPEM" failures="0" tests="2" name="com.ecom.testcases.ProdutDescriptionTest" time="62.581" errors="0" timestamp="2024-02-16T23:45:54 IST" skipped="0">
  <testcase classname="com.ecom.testcases.ProdutDescriptionTest" name="verifyProductAddedSuccessfullyTest" time="30.232"/>
  <testcase classname="com.ecom.testcases.ProdutDescriptionTest" name="clickOnCheckoutTest" time="32.349"/>
</testsuite> <!-- com.ecom.testcases.ProdutDescriptionTest -->
