<?xml version="1.0" encoding="UTF-8"?>
<!-- Generated by org.testng.reporters.JUnitReportReporter -->
<testsuite hostname="DESKTOP-VSJMPEM" failures="0" tests="1" name="com.ecom.testcases.JacketsPageTest" time="14.808" errors="0" timestamp="2024-02-16T23:45:55 IST" skipped="0">
  <testcase classname="com.ecom.testcases.JacketsPageTest" name="clickOnProductTest" time="14.808"/>
</testsuite> <!-- com.ecom.testcases.JacketsPageTest -->
