<?xml version="1.0" encoding="UTF-8"?>
<!-- Generated by org.testng.reporters.JUnitReportReporter -->
<testsuite hostname="DESKTOP-VSJMPEM" failures="0" tests="3" name="com.ecom.testcases.SignInPageTest" time="28.137" errors="0" timestamp="2024-02-16T23:38:51 IST" skipped="0">
  <testcase classname="com.ecom.testcases.SignInPageTest" name="signInTitleTest" time="6.472"/>
  <testcase classname="com.ecom.testcases.SignInPageTest" name="lumaTestLogoTest" time="10.997"/>
  <testcase classname="com.ecom.testcases.SignInPageTest" name="loginTest" time="10.668"/>
</testsuite> <!-- com.ecom.testcases.SignInPageTest -->
