<?xml version="1.0" encoding="UTF-8"?>
<!-- Generated by org.testng.reporters.JUnitReportReporter -->
<testsuite hostname="DESKTOP-VSJMPEM" failures="0" tests="3" name="com.parabank.testcases.SignInPageTest" time="22.206" errors="0" timestamp="2024-02-14T23:25:46 IST" skipped="0">
  <testcase classname="com.parabank.testcases.SignInPageTest" name="signInTitleTest" time="6.533"/>
  <testcase classname="com.parabank.testcases.SignInPageTest" name="lumaTestLogoTest" time="5.999"/>
  <testcase classname="com.parabank.testcases.SignInPageTest" name="loginTest" time="9.674"/>
</testsuite> <!-- com.parabank.testcases.SignInPageTest -->
