<?xml version="1.0" encoding="UTF-8"?>
<!-- Generated by org.testng.reporters.JUnitReportReporter -->
<testsuite hostname="DESKTOP-VSJMPEM" failures="0" tests="3" name="com.parabank.testcases.HomePageTest" time="41.627" errors="0" timestamp="2024-02-15T01:05:34 IST" skipped="0">
  <testcase classname="com.parabank.testcases.HomePageTest" name="verifyHomePageTitleTest" time="15.618"/>
  <testcase classname="com.parabank.testcases.HomePageTest" name="verifyUserNameTest" time="12.065"/>
  <testcase classname="com.parabank.testcases.HomePageTest" name="verifyContactsLinkTest" time="13.944"/>
</testsuite> <!-- com.parabank.testcases.HomePageTest -->
