<?xml version="1.0" encoding="UTF-8"?>
<!-- Generated by org.testng.reporters.JUnitReportReporter -->
<testsuite hostname="DESKTOP-VSJMPEM" failures="0" tests="1" name="com.ecom.testcases.HomePageTest" time="15.305" errors="0" timestamp="2024-02-16T23:45:54 IST" skipped="0">
  <testcase classname="com.ecom.testcases.HomePageTest" name="clickOnMensJacketsNavbarTest" time="15.305"/>
</testsuite> <!-- com.ecom.testcases.HomePageTest -->
